<?xml version="1.0" encoding="UTF-8"?>
<testsuite name="br.com.tdd.tests.CalculadoraTest" tests="1" skipped="0" failures="0" errors="0" timestamp="2022-02-11T16:47:23" hostname="MMB026321CPS.local" time="0.025">
  <properties/>
  <testcase name="deveriaSomarDoisNumerosPositivos()" classname="br.com.tdd.tests.CalculadoraTest" time="0.025"/>
  <system-out><![CDATA[]]></system-out>
  <system-err><![CDATA[]]></system-err>
</testsuite>
